0 info it worked if it ends with ok
1 verbose cli [ 'C:\\Program Files\\nodejs\\node.exe',
1 verbose cli   'C:\\Program Files\\nodejs\\node_modules\\npm\\bin\\npm-cli.js',
1 verbose cli   'install',
1 verbose cli   '@types/fs',
1 verbose cli   '--save',
1 verbose cli   '--dev' ]
2 info using npm@2.15.8
3 info using node@v4.4.7
4 verbose install initial load of C:\Users\Kenneth\Documents\Visual Studio 2015\3 semester\RestApi\Level 2\kanban\package.json
5 warn package.json level_2@1.0.0 No description
6 warn package.json level_2@1.0.0 No repository field.
7 warn package.json level_2@1.0.0 No README data
8 verbose installManyTop reading scoped package data from C:\Users\Kenneth\Documents\Visual Studio 2015\3 semester\RestApi\Level 2\kanban\node_modules\body-parser\package.json
9 verbose installManyTop reading scoped package data from C:\Users\Kenneth\Documents\Visual Studio 2015\3 semester\RestApi\Level 2\kanban\node_modules\express\package.json
10 verbose installManyTop reading scoped package data from C:\Users\Kenneth\Documents\Visual Studio 2015\3 semester\RestApi\Level 2\kanban\node_modules\fs\package.json
11 verbose installManyTop reading scoped package data from C:\Users\Kenneth\Documents\Visual Studio 2015\3 semester\RestApi\Level 2\kanban\node_modules\http-status-codes\package.json
12 verbose installManyTop reading scoped package data from C:\Users\Kenneth\Documents\Visual Studio 2015\3 semester\RestApi\Level 2\kanban\node_modules\@types\body-parser\package.json
13 verbose installManyTop reading scoped package data from C:\Users\Kenneth\Documents\Visual Studio 2015\3 semester\RestApi\Level 2\kanban\node_modules\@types\express\package.json
14 verbose installManyTop reading scoped package data from C:\Users\Kenneth\Documents\Visual Studio 2015\3 semester\RestApi\Level 2\kanban\node_modules\@types\http-status-codes\package.json
15 info package.json fs@0.0.1-security fs is also the name of a node core module.
16 verbose readDependencies loading dependencies from C:\Users\Kenneth\Documents\Visual Studio 2015\3 semester\RestApi\Level 2\kanban\package.json
17 silly cache add args [ '@types/fs', null ]
18 verbose cache add spec @types/fs
19 silly cache add parsed spec Result {
19 silly cache add   raw: '@types/fs',
19 silly cache add   scope: '@types',
19 silly cache add   name: '@types/fs',
19 silly cache add   rawSpec: '',
19 silly cache add   spec: 'latest',
19 silly cache add   type: 'tag' }
20 silly addNamed @types/fs@latest
21 verbose addNamed "latest" is being treated as a dist-tag for @types/fs
22 info addNameTag [ '@types/fs', 'latest' ]
23 silly mapToRegistry name @types/fs
24 silly mapToRegistry scope (from package name) @types
25 verbose mapToRegistry no registry URL found in name for scope @types
26 silly mapToRegistry using default registry
27 silly mapToRegistry registry https://registry.npmjs.org/
28 silly mapToRegistry data Result {
28 silly mapToRegistry   raw: '@types/fs',
28 silly mapToRegistry   scope: '@types',
28 silly mapToRegistry   name: '@types/fs',
28 silly mapToRegistry   rawSpec: '',
28 silly mapToRegistry   spec: 'latest',
28 silly mapToRegistry   type: 'tag' }
29 silly mapToRegistry uri https://registry.npmjs.org/@types%2ffs
30 verbose addNameTag registry:https://registry.npmjs.org/@types%2ffs not in flight; fetching
31 verbose request uri https://registry.npmjs.org/@types%2ffs
32 verbose request no auth needed
33 info attempt registry request try #1 at 10:36:57
34 verbose request id 1272e5934f68c106
35 http request GET https://registry.npmjs.org/@types%2ffs
36 http 404 https://registry.npmjs.org/@types%2ffs
37 verbose headers { 'content-type': 'application/json',
37 verbose headers   'cache-control': 'max-age=0',
37 verbose headers   'content-length': '2',
37 verbose headers   'accept-ranges': 'bytes',
37 verbose headers   date: 'Tue, 26 Sep 2017 08:36:58 GMT',
37 verbose headers   via: '1.1 varnish',
37 verbose headers   age: '0',
37 verbose headers   connection: 'keep-alive',
37 verbose headers   'x-served-by': 'cache-bma7025-BMA',
37 verbose headers   'x-cache': 'MISS',
37 verbose headers   'x-cache-hits': '0',
37 verbose headers   'x-timer': 'S1506415018.068810,VS0,VE309',
37 verbose headers   vary: 'Accept-Encoding' }
38 silly get cb [ 404,
38 silly get   { 'content-type': 'application/json',
38 silly get     'cache-control': 'max-age=0',
38 silly get     'content-length': '2',
38 silly get     'accept-ranges': 'bytes',
38 silly get     date: 'Tue, 26 Sep 2017 08:36:58 GMT',
38 silly get     via: '1.1 varnish',
38 silly get     age: '0',
38 silly get     connection: 'keep-alive',
38 silly get     'x-served-by': 'cache-bma7025-BMA',
38 silly get     'x-cache': 'MISS',
38 silly get     'x-cache-hits': '0',
38 silly get     'x-timer': 'S1506415018.068810,VS0,VE309',
38 silly get     vary: 'Accept-Encoding' } ]
39 verbose stack Error: Registry returned 404 for GET on https://registry.npmjs.org/@types%2ffs
39 verbose stack     at makeError (C:\Program Files\nodejs\node_modules\npm\node_modules\npm-registry-client\lib\request.js:264:12)
39 verbose stack     at CachingRegistryClient.<anonymous> (C:\Program Files\nodejs\node_modules\npm\node_modules\npm-registry-client\lib\request.js:242:14)
39 verbose stack     at Request._callback (C:\Program Files\nodejs\node_modules\npm\node_modules\npm-registry-client\lib\request.js:172:14)
39 verbose stack     at Request.self.callback (C:\Program Files\nodejs\node_modules\npm\node_modules\request\request.js:200:22)
39 verbose stack     at emitTwo (events.js:87:13)
39 verbose stack     at Request.emit (events.js:172:7)
39 verbose stack     at Request.<anonymous> (C:\Program Files\nodejs\node_modules\npm\node_modules\request\request.js:1067:10)
39 verbose stack     at emitOne (events.js:82:20)
39 verbose stack     at Request.emit (events.js:169:7)
39 verbose stack     at IncomingMessage.<anonymous> (C:\Program Files\nodejs\node_modules\npm\node_modules\request\request.js:988:12)
40 verbose statusCode 404
41 verbose pkgid @types/fs
42 verbose cwd C:\Users\Kenneth\Documents\Visual Studio 2015\3 semester\RestApi\Level 2\kanban
43 error Windows_NT 10.0.15063
44 error argv "C:\\Program Files\\nodejs\\node.exe" "C:\\Program Files\\nodejs\\node_modules\\npm\\bin\\npm-cli.js" "install" "@types/fs" "--save" "--dev"
45 error node v4.4.7
46 error npm  v2.15.8
47 error code E404
48 error 404 Registry returned 404 for GET on https://registry.npmjs.org/@types%2ffs
48 error 404
48 error 404 '@types/fs' is not in the npm registry.
48 error 404 You should bug the author to publish it (or use the name yourself!)
48 error 404 It was specified as a dependency of 'level_2'
48 error 404
48 error 404 Note that you can also install from a
48 error 404 tarball, folder, http url, or git url.
49 verbose exit [ 1, true ]
